[debug] [2023-04-15T05:30:02.781Z] ----------------------------------------------------------------------
[debug] [2023-04-15T05:30:02.783Z] Command:       C:\Program Files\nodejs\node.exe C:\Users\geeho\AppData\Roaming\npm\node_modules\firebase-tools\lib\bin\firebase.js init
[debug] [2023-04-15T05:30:02.783Z] CLI Version:   11.27.0
[debug] [2023-04-15T05:30:02.783Z] Platform:      win32
[debug] [2023-04-15T05:30:02.783Z] Node Version:  v19.9.0
[debug] [2023-04-15T05:30:02.784Z] Time:          Fri Apr 14 2023 22:30:02 GMT-0700 (Pacific Daylight Time)
[debug] [2023-04-15T05:30:02.784Z] ----------------------------------------------------------------------
[debug] 
[debug] [2023-04-15T05:30:02.789Z] > command requires scopes: ["email","openid","https://www.googleapis.com/auth/cloudplatformprojects.readonly","https://www.googleapis.com/auth/firebase","https://www.googleapis.com/auth/cloud-platform"]
[debug] [2023-04-15T05:30:02.790Z] > authorizing via signed-in user (howeai.com@gmail.com)
[info] 
     ######## #### ########  ######## ########     ###     ######  ########
     ##        ##  ##     ## ##       ##     ##  ##   ##  ##       ##
     ######    ##  ########  ######   ########  #########  ######  ######
     ##        ##  ##    ##  ##       ##     ## ##     ##       ## ##
     ##       #### ##     ## ######## ########  ##     ##  ######  ########

You're about to initialize a Firebase project in this directory:

  C:\Users\geeho\OneDrive\Desktop\UNAIHUB_LANDING_PAGE

[info] 
=== Project Setup
[info] 
[info] First, let's associate this project directory with a Firebase project.
[info] You can create multiple project aliases by running firebase use --add, 
[info] but for now we'll just set up a default project.
[info] 
[debug] [2023-04-15T05:31:06.309Z] >>> [apiv2][query] GET https://firebase.googleapis.com/v1beta1/projects pageSize=100
[debug] [2023-04-15T05:31:06.907Z] <<< [apiv2][status] GET https://firebase.googleapis.com/v1beta1/projects 200
[debug] [2023-04-15T05:31:06.908Z] <<< [apiv2][body] GET https://firebase.googleapis.com/v1beta1/projects [omitted]
[info] i  Using project unaihub (Unaihub) 
[info] 
=== Firestore Setup
[debug] [2023-04-15T05:31:10.471Z] >>> [apiv2][query] GET https://serviceusage.googleapis.com/v1/projects/unaihub/services/firestore.googleapis.com [none]
[debug] [2023-04-15T05:31:10.471Z] >>> [apiv2][(partial)header] GET https://serviceusage.googleapis.com/v1/projects/unaihub/services/firestore.googleapis.com x-goog-quota-user=projects/unaihub
[debug] [2023-04-15T05:31:11.029Z] <<< [apiv2][status] GET https://serviceusage.googleapis.com/v1/projects/unaihub/services/firestore.googleapis.com 200
[debug] [2023-04-15T05:31:11.029Z] <<< [apiv2][body] GET https://serviceusage.googleapis.com/v1/projects/unaihub/services/firestore.googleapis.com [omitted]
[debug] [2023-04-15T05:31:11.029Z] >>> [apiv2][query] GET https://firestore.googleapis.com/v1/projects/unaihub/databases/(default) [none]
[debug] [2023-04-15T05:31:11.522Z] <<< [apiv2][status] GET https://firestore.googleapis.com/v1/projects/unaihub/databases/(default) 200
[debug] [2023-04-15T05:31:11.522Z] <<< [apiv2][body] GET https://firestore.googleapis.com/v1/projects/unaihub/databases/(default) {"name":"projects/unaihub/databases/(default)","uid":"103a7ec0-6e52-410d-bbcb-bd6497b015d3","createTime":"2023-04-15T05:18:15.445644Z","updateTime":"2023-04-15T05:18:15.445644Z","locationId":"nam5","type":"FIRESTORE_NATIVE","concurrencyMode":"PESSIMISTIC","appEngineIntegrationMode":"DISABLED","keyPrefix":"s","deleteProtectionState":"DELETE_PROTECTION_DISABLED","etag":"ILSMpKCUq/4CMIzB5q2Rq/4C"}
[debug] [2023-04-15T05:31:11.522Z] database_type: FIRESTORE_NATIVE
[debug] [2023-04-15T05:31:11.522Z] > command requires scopes: ["email","openid","https://www.googleapis.com/auth/cloudplatformprojects.readonly","https://www.googleapis.com/auth/firebase","https://www.googleapis.com/auth/cloud-platform"]
[debug] [2023-04-15T05:31:11.522Z] > authorizing via signed-in user (howeai.com@gmail.com)
[debug] [2023-04-15T05:31:11.522Z] [iam] checking project unaihub for permissions ["firebase.projects.get"]
[debug] [2023-04-15T05:31:11.523Z] >>> [apiv2][query] POST https://cloudresourcemanager.googleapis.com/v1/projects/unaihub:testIamPermissions [none]
[debug] [2023-04-15T05:31:11.523Z] >>> [apiv2][(partial)header] POST https://cloudresourcemanager.googleapis.com/v1/projects/unaihub:testIamPermissions x-goog-quota-user=projects/unaihub
[debug] [2023-04-15T05:31:11.523Z] >>> [apiv2][body] POST https://cloudresourcemanager.googleapis.com/v1/projects/unaihub:testIamPermissions {"permissions":["firebase.projects.get"]}
[debug] [2023-04-15T05:31:11.860Z] <<< [apiv2][status] POST https://cloudresourcemanager.googleapis.com/v1/projects/unaihub:testIamPermissions 200
[debug] [2023-04-15T05:31:11.860Z] <<< [apiv2][body] POST https://cloudresourcemanager.googleapis.com/v1/projects/unaihub:testIamPermissions {"permissions":["firebase.projects.get"]}
[info] 
[info] Firestore Security Rules allow you to define how and when to allow
[info] requests. You can keep these rules in your project directory
[info] and publish them with firebase deploy.
[info] 
[debug] [2023-04-15T05:32:04.048Z] >>> [apiv2][query] GET https://firebaserules.googleapis.com/v1/projects/unaihub/releases pageSize=10&pageToken=
[debug] [2023-04-15T05:32:04.526Z] <<< [apiv2][status] GET https://firebaserules.googleapis.com/v1/projects/unaihub/releases 200
[debug] [2023-04-15T05:32:04.526Z] <<< [apiv2][body] GET https://firebaserules.googleapis.com/v1/projects/unaihub/releases {"releases":[{"name":"projects/unaihub/releases/cloud.firestore","rulesetName":"projects/unaihub/rulesets/65b4e1b0-8a15-4aff-bd1a-4bc8efec99f4","createTime":"2023-04-15T05:18:20.597321Z","updateTime":"2023-04-15T05:18:20.597321Z"}]}
[debug] [2023-04-15T05:32:04.527Z] Found ruleset: projects/unaihub/rulesets/65b4e1b0-8a15-4aff-bd1a-4bc8efec99f4
[debug] [2023-04-15T05:32:04.527Z] >>> [apiv2][query] GET https://firebaserules.googleapis.com/v1/projects/unaihub/rulesets/65b4e1b0-8a15-4aff-bd1a-4bc8efec99f4 [none]
[debug] [2023-04-15T05:32:04.783Z] <<< [apiv2][status] GET https://firebaserules.googleapis.com/v1/projects/unaihub/rulesets/65b4e1b0-8a15-4aff-bd1a-4bc8efec99f4 200
[debug] [2023-04-15T05:32:04.784Z] <<< [apiv2][body] GET https://firebaserules.googleapis.com/v1/projects/unaihub/rulesets/65b4e1b0-8a15-4aff-bd1a-4bc8efec99f4 [omitted]
[info] 
[info] Firestore indexes allow you to perform complex queries while
[info] maintaining performance that scales with the size of the result
[info] set. You can keep index definitions in your project directory
[info] and publish them with firebase deploy.
[info] 
[debug] [2023-04-15T05:32:08.516Z] >>> [apiv2][query] GET https://firestore.googleapis.com/v1/projects/unaihub/databases/(default)/collectionGroups/-/indexes [none]
[debug] [2023-04-15T05:32:08.518Z] >>> [apiv2][query] GET https://firestore.googleapis.com/v1/projects/unaihub/databases/(default)/collectionGroups/-/fields?filter=indexConfig.usesAncestorConfig=false OR ttlConfig:* [none]
[debug] [2023-04-15T05:32:08.986Z] <<< [apiv2][status] GET https://firestore.googleapis.com/v1/projects/unaihub/databases/(default)/collectionGroups/-/indexes 200
[debug] [2023-04-15T05:32:08.986Z] <<< [apiv2][body] GET https://firestore.googleapis.com/v1/projects/unaihub/databases/(default)/collectionGroups/-/indexes {}
[debug] [2023-04-15T05:32:09.427Z] <<< [apiv2][status] GET https://firestore.googleapis.com/v1/projects/unaihub/databases/(default)/collectionGroups/-/fields?filter=indexConfig.usesAncestorConfig=false OR ttlConfig:* 200
[debug] [2023-04-15T05:32:09.427Z] <<< [apiv2][body] GET https://firestore.googleapis.com/v1/projects/unaihub/databases/(default)/collectionGroups/-/fields?filter=indexConfig.usesAncestorConfig=false OR ttlConfig:* {"fields":[{"name":"projects/unaihub/databases/(default)/collectionGroups/__default__/fields/*","indexConfig":{"indexes":[{"queryScope":"COLLECTION","fields":[{"fieldPath":"*","order":"ASCENDING"}],"state":"READY"},{"queryScope":"COLLECTION","fields":[{"fieldPath":"*","order":"DESCENDING"}],"state":"READY"},{"queryScope":"COLLECTION","fields":[{"fieldPath":"*","arrayConfig":"CONTAINS"}],"state":"READY"}]}}]}
[info] 
=== Hosting Setup
[info] 
[info] Your public directory is the folder (relative to your project directory) that
[info] will contain Hosting assets to be uploaded with firebase deploy. If you
[info] have a build process for your assets, use your build's output directory.
[info] 
[debug] [2023-04-15T05:35:00.300Z] >>> [apiv2][query] GET https://www.gstatic.com/firebasejs/releases.json [none]
[debug] [2023-04-15T05:35:00.718Z] <<< [apiv2][status] GET https://www.gstatic.com/firebasejs/releases.json 200
[debug] [2023-04-15T05:35:00.718Z] <<< [apiv2][body] GET https://www.gstatic.com/firebasejs/releases.json {"current":{"version":"9.19.1","browserURL":"https://www.gstatic.com/firebasejs/9.19.1/firebase.js","packageURL":"https://www.gstatic.com/firebasejs/9.19.1/firebase.tgz"},"live":{"version":"9.19","browserURL":"https://www.gstatic.com/firebasejs/live/9.19/firebase.js","packageURL":"https://www.gstatic.com/firebasejs/live/9.19/firebase.tgz"},"components":{"analytics":"https://www.gstatic.com/firebasejs/9.19.1/firebase-analytics.js","app":"https://www.gstatic.com/firebasejs/9.19.1/firebase-app.js","app-check":"https://www.gstatic.com/firebasejs/9.19.1/firebase-app-check.js","auth":"https://www.gstatic.com/firebasejs/9.19.1/firebase-auth.js","auth/cordova":"https://www.gstatic.com/firebasejs/9.19.1/firebase-auth/cordova.js","auth/react-native":"https://www.gstatic.com/firebasejs/9.19.1/firebase-auth/react-native.js","functions":"https://www.gstatic.com/firebasejs/9.19.1/firebase-functions.js","firestore":"https://www.gstatic.com/firebasejs/9.19.1/firebase-firestore.js","firestore/lite":"https://www.gstatic.com/firebasejs/9.19.1/firebase-firestore/lite.js","installations":"https://www.gstatic.com/firebasejs/9.19.1/firebase-installations.js","storage":"https://www.gstatic.com/firebasejs/9.19.1/firebase-storage.js","performance":"https://www.gstatic.com/firebasejs/9.19.1/firebase-performance.js","remote-config":"https://www.gstatic.com/firebasejs/9.19.1/firebase-remote-config.js","messaging":"https://www.gstatic.com/firebasejs/9.19.1/firebase-messaging.js","messaging/sw":"https://www.gstatic.com/firebasejs/9.19.1/firebase-messaging/sw.js","database":"https://www.gstatic.com/firebasejs/9.19.1/firebase-database.js","firestore.memory":"https://www.gstatic.com/firebasejs/9.19.1/firebase-firestore.memory.js"}}
[info] +  Wrote public/index.html 
[info] 
[info] i  Didn't detect a .git folder. Assuming C:\Users\geeho\OneDrive\Desktop\UNAIHUB_LANDING_PAGE is the project root. 
[info] i  Authorizing with GitHub to upload your service account to a GitHub repository's secrets store. 
[info] 
[info] Visit this URL on this device to log in:
[info] https://github.com/login/oauth/authorize?client_id=89cf50f02ac6aaed3484&state=985931875&redirect_uri=http%3A%2F%2Flocalhost%3A9005&scope=read%3Auser%20repo%20public_repo
[info] 
[info] Waiting for authentication...
[debug] [2023-04-15T05:37:48.795Z] >>> [apiv2][query] POST https://github.com/login/oauth/access_token [none]
[debug] [2023-04-15T05:37:48.795Z] >>> [apiv2][body] POST https://github.com/login/oauth/access_token [stream]
[debug] [2023-04-15T05:37:49.040Z] <<< [apiv2][status] POST https://github.com/login/oauth/access_token 200
[debug] [2023-04-15T05:37:49.040Z] <<< [apiv2][body] POST https://github.com/login/oauth/access_token {"access_token":"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","token_type":"bearer","scope":"read:user,repo"}
[debug] [2023-04-15T05:37:49.045Z] >>> [apiv2][query] GET https://api.github.com/user [none]
[debug] [2023-04-15T05:37:49.305Z] <<< [apiv2][status] GET https://api.github.com/user 200
[debug] [2023-04-15T05:37:49.305Z] <<< [apiv2][body] GET https://api.github.com/user {"login":"Unaihub","id":130819904,"node_id":"U_kgDOB8wnQA","avatar_url":"https://avatars.githubusercontent.com/u/130819904?v=4","gravatar_id":"","url":"https://api.github.com/users/Unaihub","html_url":"https://github.com/Unaihub","followers_url":"https://api.github.com/users/Unaihub/followers","following_url":"https://api.github.com/users/Unaihub/following{/other_user}","gists_url":"https://api.github.com/users/Unaihub/gists{/gist_id}","starred_url":"https://api.github.com/users/Unaihub/starred{/owner}{/repo}","subscriptions_url":"https://api.github.com/users/Unaihub/subscriptions","organizations_url":"https://api.github.com/users/Unaihub/orgs","repos_url":"https://api.github.com/users/Unaihub/repos","events_url":"https://api.github.com/users/Unaihub/events{/privacy}","received_events_url":"https://api.github.com/users/Unaihub/received_events","type":"User","site_admin":false,"name":null,"company":null,"blog":"","location":null,"email":null,"hireable":null,"bio":null,"twitter_username":null,"public_repos":0,"public_gists":0,"followers":0,"following":0,"created_at":"2023-04-15T05:37:22Z","updated_at":"2023-04-15T05:37:22Z","private_gists":0,"total_private_repos":0,"owned_private_repos":0,"disk_usage":0,"collaborators":0,"two_factor_authentication":false,"plan":{"name":"free","space":976562499,"collaborators":0,"private_repos":10000}}
[info] 
[info] +  Success! Logged into GitHub as Unaihub 
[info] 
[debug] [2023-04-15T05:43:42.958Z] >>> [apiv2][query] GET https://api.github.com/repos/Unaihub/Website/actions/secrets/public-key type=owner
[debug] [2023-04-15T05:43:43.315Z] <<< [apiv2][status] GET https://api.github.com/repos/Unaihub/Website/actions/secrets/public-key 404
[debug] [2023-04-15T05:43:43.315Z] <<< [apiv2][body] GET https://api.github.com/repos/Unaihub/Website/actions/secrets/public-key {"message":"Not Found","documentation_url":"https://docs.github.com/rest/reference/actions#get-a-repository-public-key"}
[info] 
[info] 
[error] !  The provided authorization cannot be used with this repository. If this repository is in an organization, did you remember to grant access? 
[info] 
[info] i  Action required: Visit this URL to ensure access has been granted to the appropriate organization(s) for the Firebase CLI GitHub OAuth App: 
[info] https://github.com/settings/connections/applications/89cf50f02ac6aaed3484
[info] 
[debug] [2023-04-15T05:44:29.805Z] >>> [apiv2][query] GET https://api.github.com/repos/Unaihub/Website/actions/secrets/public-key type=owner
[debug] [2023-04-15T05:44:30.019Z] <<< [apiv2][status] GET https://api.github.com/repos/Unaihub/Website/actions/secrets/public-key 404
[debug] [2023-04-15T05:44:30.019Z] <<< [apiv2][body] GET https://api.github.com/repos/Unaihub/Website/actions/secrets/public-key {"message":"Not Found","documentation_url":"https://docs.github.com/rest/reference/actions#get-a-repository-public-key"}
[info] 
[info] 
[error] !  The provided authorization cannot be used with this repository. If this repository is in an organization, did you remember to grant access? 
[info] 
[info] i  Action required: Visit this URL to ensure access has been granted to the appropriate organization(s) for the Firebase CLI GitHub OAuth App: 
[info] https://github.com/settings/connections/applications/89cf50f02ac6aaed3484
[info] 
[debug] [2023-04-15T05:44:35.910Z] >>> [apiv2][query] GET https://api.github.com/repos/Unaihub/Website/actions/secrets/public-key type=owner
[debug] [2023-04-15T05:44:36.092Z] <<< [apiv2][status] GET https://api.github.com/repos/Unaihub/Website/actions/secrets/public-key 404
[debug] [2023-04-15T05:44:36.093Z] <<< [apiv2][body] GET https://api.github.com/repos/Unaihub/Website/actions/secrets/public-key {"message":"Not Found","documentation_url":"https://docs.github.com/rest/reference/actions#get-a-repository-public-key"}
[info] 
[info] 
[error] !  The provided authorization cannot be used with this repository. If this repository is in an organization, did you remember to grant access? 
[info] 
[info] i  Action required: Visit this URL to ensure access has been granted to the appropriate organization(s) for the Firebase CLI GitHub OAuth App: 
[info] https://github.com/settings/connections/applications/89cf50f02ac6aaed3484
[info] 
[debug] [2023-04-15T05:44:40.066Z] >>> [apiv2][query] GET https://api.github.com/repos/Unaihub/Website/actions/secrets/public-key type=owner
[debug] [2023-04-15T05:44:40.186Z] <<< [apiv2][status] GET https://api.github.com/repos/Unaihub/Website/actions/secrets/public-key 404
[debug] [2023-04-15T05:44:40.186Z] <<< [apiv2][body] GET https://api.github.com/repos/Unaihub/Website/actions/secrets/public-key {"message":"Not Found","documentation_url":"https://docs.github.com/rest/reference/actions#get-a-repository-public-key"}
[info] 
[info] 
[error] !  The provided authorization cannot be used with this repository. If this repository is in an organization, did you remember to grant access? 
[info] 
[info] i  Action required: Visit this URL to ensure access has been granted to the appropriate organization(s) for the Firebase CLI GitHub OAuth App: 
[info] https://github.com/settings/connections/applications/89cf50f02ac6aaed3484
[info] 
